<?xml version="1.0" encoding="UTF-8"?>
<testsuites>
  <testsuite name="PHPUnit" tests="1" assertions="1" failures="0" errors="0" time="0.002443">
    <testsuite name="HelloWorldTest" file="/Applications/XAMPP/xamppfiles/htdocs/wreely/application/tests/controllers/HelloWorld.php" tests="1" assertions="1" failures="0" errors="0" time="0.002443">
      <testcase name="testHelloWorld" class="HelloWorldTest" file="/Applications/XAMPP/xamppfiles/htdocs/wreely/application/tests/controllers/HelloWorld.php" line="5" assertions="1" time="0.002443"/>
    </testsuite>
  </testsuite>
</testsuites>
